生成启动时间为 2017/2/15 星期三 9:40:57。
     1>项目“E:\task\TwoSillyEngine\TwoSillyEngine\TwoSillyEngine.vcxproj”在节点 2 上(Build 个目标)。
     1>ClCompile:
         C:\Program Files (x86)\Microsoft Visual Studio 11.0\VC\bin\CL.exe /c /Zi /nologo /W3 /WX- /O2 /Oi /Oy- /GL /D __WIN32 /D NDEBUG /D _CONSOLE /D _USING_V110_SDK71_ /D _UNICODE /D UNICODE /Gm- /EHsc /MD /GS /Gy /fp:precise /Zc:wchar_t /Zc:forScope /Fo"Release\\" /Fd"Release\vc110.pdb" /Gd /TP /analyze- /errorReport:prompt modelFile\modelFile.cpp src\Engine.cpp src\Processor.cpp src\gcodeExport.cpp src\layerPart.cpp src\optimizedModel.cpp src\polygonOptimizer.cpp src\raft.cpp src\skirt.cpp src\slicer.cpp src\support.cpp src\timeEstimate.cpp tool\logoutput.cpp tool\socket.cpp utils\Config.cpp
         modelFile.cpp
     1>e:\task\twosillyengine\twosillyengine\modelfile\../utils/intpoint.h(264): warning C4244: “参数”: 从“int64_t”转换到“double”，可能丢失数据
     1>e:\task\twosillyengine\twosillyengine\modelfile\../utils/intpoint.h(265): warning C4244: “参数”: 从“int64_t”转换到“double”，可能丢失数据
     1>e:\task\twosillyengine\twosillyengine\modelfile\../utils/intpoint.h(265): warning C4244: “参数”: 从“double”转换到“ClipperLib::cInt”，可能丢失数据
     1>e:\task\twosillyengine\twosillyengine\modelfile\../utils/intpoint.h(273): warning C4244: “参数”: 从“int64_t”转换到“double”，可能丢失数据
     1>e:\task\twosillyengine\twosillyengine\modelfile\../utils/intpoint.h(274): warning C4244: “参数”: 从“int64_t”转换到“double”，可能丢失数据
     1>e:\task\twosillyengine\twosillyengine\modelfile\../utils/intpoint.h(274): warning C4244: “参数”: 从“double”转换到“ClipperLib::cInt”，可能丢失数据
     1>e:\task\twosillyengine\twosillyengine\modelfile\../utils/intpoint.h(280): warning C4244: “参数”: 从“int64_t”转换到“double”，可能丢失数据
     1>e:\task\twosillyengine\twosillyengine\modelfile\../utils/intpoint.h(281): warning C4244: “参数”: 从“int64_t”转换到“double”，可能丢失数据
     1>e:\task\twosillyengine\twosillyengine\modelfile\../utils/intpoint.h(281): warning C4244: “参数”: 从“double”转换到“ClipperLib::cInt”，可能丢失数据
     1>e:\task\twosillyengine\twosillyengine\modelfile\../utils/intpoint.h(288): warning C4244: “参数”: 从“int64_t”转换到“double”，可能丢失数据
     1>e:\task\twosillyengine\twosillyengine\modelfile\../utils/intpoint.h(289): warning C4244: “参数”: 从“int64_t”转换到“double”，可能丢失数据
     1>e:\task\twosillyengine\twosillyengine\modelfile\../utils/intpoint.h(289): warning C4244: “参数”: 从“double”转换到“ClipperLib::cInt”，可能丢失数据
     1>modelFile\modelFile.cpp(72): warning C4996: 'sscanf': This function or variable may be unsafe. Consider using sscanf_s instead. To disable deprecation, use _CRT_SECURE_NO_WARNINGS. See online help for details.
                 C:\Program Files (x86)\Microsoft Visual Studio 11.0\VC\include\stdio.h(311) : 参见“sscanf”的声明
         Engine.cpp
     1>e:\task\twosillyengine\twosillyengine\src\./Processor.h : warning C4819: 该文件包含不能在当前代码页(936)中表示的字符。请将该文件保存为 Unicode 格式以防止数据丢失
     1>e:\task\twosillyengine\twosillyengine\utils\intpoint.h(264): warning C4244: “参数”: 从“int64_t”转换到“double”，可能丢失数据
     1>e:\task\twosillyengine\twosillyengine\utils\intpoint.h(265): warning C4244: “参数”: 从“int64_t”转换到“double”，可能丢失数据
     1>e:\task\twosillyengine\twosillyengine\utils\intpoint.h(265): warning C4244: “参数”: 从“double”转换到“ClipperLib::cInt”，可能丢失数据
     1>e:\task\twosillyengine\twosillyengine\utils\intpoint.h(273): warning C4244: “参数”: 从“int64_t”转换到“double”，可能丢失数据
     1>e:\task\twosillyengine\twosillyengine\utils\intpoint.h(274): warning C4244: “参数”: 从“int64_t”转换到“double”，可能丢失数据
     1>e:\task\twosillyengine\twosillyengine\utils\intpoint.h(274): warning C4244: “参数”: 从“double”转换到“ClipperLib::cInt”，可能丢失数据
     1>e:\task\twosillyengine\twosillyengine\utils\intpoint.h(280): warning C4244: “参数”: 从“int64_t”转换到“double”，可能丢失数据
     1>e:\task\twosillyengine\twosillyengine\utils\intpoint.h(281): warning C4244: “参数”: 从“int64_t”转换到“double”，可能丢失数据
     1>e:\task\twosillyengine\twosillyengine\utils\intpoint.h(281): warning C4244: “参数”: 从“double”转换到“ClipperLib::cInt”，可能丢失数据
     1>e:\task\twosillyengine\twosillyengine\utils\intpoint.h(288): warning C4244: “参数”: 从“int64_t”转换到“double”，可能丢失数据
     1>e:\task\twosillyengine\twosillyengine\utils\intpoint.h(289): warning C4244: “参数”: 从“int64_t”转换到“double”，可能丢失数据
     1>e:\task\twosillyengine\twosillyengine\utils\intpoint.h(289): warning C4244: “参数”: 从“double”转换到“ClipperLib::cInt”，可能丢失数据
     1>src\Engine.cpp(167): warning C4996: 'sscanf': This function or variable may be unsafe. Consider using sscanf_s instead. To disable deprecation, use _CRT_SECURE_NO_WARNINGS. See online help for details.
                 C:\Program Files (x86)\Microsoft Visual Studio 11.0\VC\include\stdio.h(311) : 参见“sscanf”的声明
         Processor.cpp
     1>e:\task\twosillyengine\twosillyengine\src\Processor.h : warning C4819: 该文件包含不能在当前代码页(936)中表示的字符。请将该文件保存为 Unicode 格式以防止数据丢失
     1>e:\task\twosillyengine\twosillyengine\utils\intpoint.h(264): warning C4244: “参数”: 从“int64_t”转换到“double”，可能丢失数据
     1>e:\task\twosillyengine\twosillyengine\utils\intpoint.h(265): warning C4244: “参数”: 从“int64_t”转换到“double”，可能丢失数据
     1>e:\task\twosillyengine\twosillyengine\utils\intpoint.h(265): warning C4244: “参数”: 从“double”转换到“ClipperLib::cInt”，可能丢失数据
     1>e:\task\twosillyengine\twosillyengine\utils\intpoint.h(273): warning C4244: “参数”: 从“int64_t”转换到“double”，可能丢失数据
     1>e:\task\twosillyengine\twosillyengine\utils\intpoint.h(274): warning C4244: “参数”: 从“int64_t”转换到“double”，可能丢失数据
     1>e:\task\twosillyengine\twosillyengine\utils\intpoint.h(274): warning C4244: “参数”: 从“double”转换到“ClipperLib::cInt”，可能丢失数据
     1>e:\task\twosillyengine\twosillyengine\utils\intpoint.h(280): warning C4244: “参数”: 从“int64_t”转换到“double”，可能丢失数据
     1>e:\task\twosillyengine\twosillyengine\utils\intpoint.h(281): warning C4244: “参数”: 从“int64_t”转换到“double”，可能丢失数据
     1>e:\task\twosillyengine\twosillyengine\utils\intpoint.h(281): warning C4244: “参数”: 从“double”转换到“ClipperLib::cInt”，可能丢失数据
     1>e:\task\twosillyengine\twosillyengine\utils\intpoint.h(288): warning C4244: “参数”: 从“int64_t”转换到“double”，可能丢失数据
     1>e:\task\twosillyengine\twosillyengine\utils\intpoint.h(289): warning C4244: “参数”: 从“int64_t”转换到“double”，可能丢失数据
     1>e:\task\twosillyengine\twosillyengine\utils\intpoint.h(289): warning C4244: “参数”: 从“double”转换到“ClipperLib::cInt”，可能丢失数据
     1>src\Processor.cpp(255): warning C4800: “int”: 将值强制为布尔值“true”或“false”(性能警告)
         gcodeExport.cpp
     1>e:\task\twosillyengine\twosillyengine\utils\intpoint.h(264): warning C4244: “参数”: 从“int64_t”转换到“double”，可能丢失数据
     1>e:\task\twosillyengine\twosillyengine\utils\intpoint.h(265): warning C4244: “参数”: 从“int64_t”转换到“double”，可能丢失数据
     1>e:\task\twosillyengine\twosillyengine\utils\intpoint.h(265): warning C4244: “参数”: 从“double”转换到“ClipperLib::cInt”，可能丢失数据
     1>e:\task\twosillyengine\twosillyengine\utils\intpoint.h(273): warning C4244: “参数”: 从“int64_t”转换到“double”，可能丢失数据
     1>e:\task\twosillyengine\twosillyengine\utils\intpoint.h(274): warning C4244: “参数”: 从“int64_t”转换到“double”，可能丢失数据
     1>e:\task\twosillyengine\twosillyengine\utils\intpoint.h(274): warning C4244: “参数”: 从“double”转换到“ClipperLib::cInt”，可能丢失数据
     1>e:\task\twosillyengine\twosillyengine\utils\intpoint.h(280): warning C4244: “参数”: 从“int64_t”转换到“double”，可能丢失数据
     1>e:\task\twosillyengine\twosillyengine\utils\intpoint.h(281): warning C4244: “参数”: 从“int64_t”转换到“double”，可能丢失数据
     1>e:\task\twosillyengine\twosillyengine\utils\intpoint.h(281): warning C4244: “参数”: 从“double”转换到“ClipperLib::cInt”，可能丢失数据
     1>e:\task\twosillyengine\twosillyengine\utils\intpoint.h(288): warning C4244: “参数”: 从“int64_t”转换到“double”，可能丢失数据
     1>e:\task\twosillyengine\twosillyengine\utils\intpoint.h(289): warning C4244: “参数”: 从“int64_t”转换到“double”，可能丢失数据
     1>e:\task\twosillyengine\twosillyengine\utils\intpoint.h(289): warning C4244: “参数”: 从“double”转换到“ClipperLib::cInt”，可能丢失数据
     1>src\gcodeExport.cpp(385): warning C4244: “初始化”: 从“int”转换到“float”，可能丢失数据
     1>src\gcodeExport.cpp(386): warning C4244: “初始化”: 从“double”转换到“float”，可能丢失数据
     1>src\gcodeExport.cpp(462): warning C4244: “参数”: 从“ClipperLib::cInt”转换到“const int32_t”，可能丢失数据
     1>src\gcodeExport.cpp(603): warning C4244: “初始化”: 从“long”转换到“float”，可能丢失数据
     1>src\gcodeExport.cpp(649): warning C4996: 'sprintf': This function or variable may be unsafe. Consider using sprintf_s instead. To disable deprecation, use _CRT_SECURE_NO_WARNINGS. See online help for details.
                 C:\Program Files (x86)\Microsoft Visual Studio 11.0\VC\include\stdio.h(357) : 参见“sprintf”的声明
     1>src\gcodeExport.cpp(651): warning C4996: 'sprintf': This function or variable may be unsafe. Consider using sprintf_s instead. To disable deprecation, use _CRT_SECURE_NO_WARNINGS. See online help for details.
                 C:\Program Files (x86)\Microsoft Visual Studio 11.0\VC\include\stdio.h(357) : 参见“sprintf”的声明
     1>src\gcodeExport.cpp(653): warning C4996: 'sprintf': This function or variable may be unsafe. Consider using sprintf_s instead. To disable deprecation, use _CRT_SECURE_NO_WARNINGS. See online help for details.
                 C:\Program Files (x86)\Microsoft Visual Studio 11.0\VC\include\stdio.h(357) : 参见“sprintf”的声明
     1>src\gcodeExport.cpp(888): warning C4244: “初始化”: 从“double”转换到“int”，可能丢失数据
     1>src\gcodeExport.cpp(895): warning C4244: “参数”: 从“double”转换到“int”，可能丢失数据
     1>src\gcodeExport.cpp(967): warning C4244: “参数”: 从“int64_t”转换到“int”，可能丢失数据
     1>src\gcodeExport.cpp(996): warning C4244: “+=”: 从“double”转换到“float”，可能丢失数据
     1>src\gcodeExport.cpp(1005): warning C4244: “+=”: 从“double”转换到“float”，可能丢失数据
     1>src\gcodeExport.cpp(1007): warning C4244: “参数”: 从“float”转换到“int”，可能丢失数据
         layerPart.cpp
     1>e:\task\twosillyengine\twosillyengine\src\../utils/intpoint.h(264): warning C4244: “参数”: 从“int64_t”转换到“double”，可能丢失数据
     1>e:\task\twosillyengine\twosillyengine\src\../utils/intpoint.h(265): warning C4244: “参数”: 从“int64_t”转换到“double”，可能丢失数据
     1>e:\task\twosillyengine\twosillyengine\src\../utils/intpoint.h(265): warning C4244: “参数”: 从“double”转换到“ClipperLib::cInt”，可能丢失数据
     1>e:\task\twosillyengine\twosillyengine\src\../utils/intpoint.h(273): warning C4244: “参数”: 从“int64_t”转换到“double”，可能丢失数据
     1>e:\task\twosillyengine\twosillyengine\src\../utils/intpoint.h(274): warning C4244: “参数”: 从“int64_t”转换到“double”，可能丢失数据
     1>e:\task\twosillyengine\twosillyengine\src\../utils/intpoint.h(274): warning C4244: “参数”: 从“double”转换到“ClipperLib::cInt”，可能丢失数据
     1>e:\task\twosillyengine\twosillyengine\src\../utils/intpoint.h(280): warning C4244: “参数”: 从“int64_t”转换到“double”，可能丢失数据
     1>e:\task\twosillyengine\twosillyengine\src\../utils/intpoint.h(281): warning C4244: “参数”: 从“int64_t”转换到“double”，可能丢失数据
     1>e:\task\twosillyengine\twosillyengine\src\../utils/intpoint.h(281): warning C4244: “参数”: 从“double”转换到“ClipperLib::cInt”，可能丢失数据
     1>e:\task\twosillyengine\twosillyengine\src\../utils/intpoint.h(288): warning C4244: “参数”: 从“int64_t”转换到“double”，可能丢失数据
     1>e:\task\twosillyengine\twosillyengine\src\../utils/intpoint.h(289): warning C4244: “参数”: 从“int64_t”转换到“double”，可能丢失数据
     1>e:\task\twosillyengine\twosillyengine\src\../utils/intpoint.h(289): warning C4244: “参数”: 从“double”转换到“ClipperLib::cInt”，可能丢失数据
     1>src\layerPart.cpp(58): warning C4800: “int”: 将值强制为布尔值“true”或“false”(性能警告)
     1>src\layerPart.cpp(60): warning C4800: “int”: 将值强制为布尔值“true”或“false”(性能警告)
         optimizedModel.cpp
     1>e:\task\twosillyengine\twosillyengine\modelfile\../utils/intpoint.h(264): warning C4244: “参数”: 从“int64_t”转换到“double”，可能丢失数据
     1>e:\task\twosillyengine\twosillyengine\modelfile\../utils/intpoint.h(265): warning C4244: “参数”: 从“int64_t”转换到“double”，可能丢失数据
     1>e:\task\twosillyengine\twosillyengine\modelfile\../utils/intpoint.h(265): warning C4244: “参数”: 从“double”转换到“ClipperLib::cInt”，可能丢失数据
     1>e:\task\twosillyengine\twosillyengine\modelfile\../utils/intpoint.h(273): warning C4244: “参数”: 从“int64_t”转换到“double”，可能丢失数据
     1>e:\task\twosillyengine\twosillyengine\modelfile\../utils/intpoint.h(274): warning C4244: “参数”: 从“int64_t”转换到“double”，可能丢失数据
     1>e:\task\twosillyengine\twosillyengine\modelfile\../utils/intpoint.h(274): warning C4244: “参数”: 从“double”转换到“ClipperLib::cInt”，可能丢失数据
     1>e:\task\twosillyengine\twosillyengine\modelfile\../utils/intpoint.h(280): warning C4244: “参数”: 从“int64_t”转换到“double”，可能丢失数据
     1>e:\task\twosillyengine\twosillyengine\modelfile\../utils/intpoint.h(281): warning C4244: “参数”: 从“int64_t”转换到“double”，可能丢失数据
     1>e:\task\twosillyengine\twosillyengine\modelfile\../utils/intpoint.h(281): warning C4244: “参数”: 从“double”转换到“ClipperLib::cInt”，可能丢失数据
     1>e:\task\twosillyengine\twosillyengine\modelfile\../utils/intpoint.h(288): warning C4244: “参数”: 从“int64_t”转换到“double”，可能丢失数据
     1>e:\task\twosillyengine\twosillyengine\modelfile\../utils/intpoint.h(289): warning C4244: “参数”: 从“int64_t”转换到“double”，可能丢失数据
     1>e:\task\twosillyengine\twosillyengine\modelfile\../utils/intpoint.h(289): warning C4244: “参数”: 从“double”转换到“ClipperLib::cInt”，可能丢失数据
         polygonOptimizer.cpp
     1>e:\task\twosillyengine\twosillyengine\utils\intpoint.h(264): warning C4244: “参数”: 从“int64_t”转换到“double”，可能丢失数据
     1>e:\task\twosillyengine\twosillyengine\utils\intpoint.h(265): warning C4244: “参数”: 从“int64_t”转换到“double”，可能丢失数据
     1>e:\task\twosillyengine\twosillyengine\utils\intpoint.h(265): warning C4244: “参数”: 从“double”转换到“ClipperLib::cInt”，可能丢失数据
     1>e:\task\twosillyengine\twosillyengine\utils\intpoint.h(273): warning C4244: “参数”: 从“int64_t”转换到“double”，可能丢失数据
     1>e:\task\twosillyengine\twosillyengine\utils\intpoint.h(274): warning C4244: “参数”: 从“int64_t”转换到“double”，可能丢失数据
     1>e:\task\twosillyengine\twosillyengine\utils\intpoint.h(274): warning C4244: “参数”: 从“double”转换到“ClipperLib::cInt”，可能丢失数据
     1>e:\task\twosillyengine\twosillyengine\utils\intpoint.h(280): warning C4244: “参数”: 从“int64_t”转换到“double”，可能丢失数据
     1>e:\task\twosillyengine\twosillyengine\utils\intpoint.h(281): warning C4244: “参数”: 从“int64_t”转换到“double”，可能丢失数据
     1>e:\task\twosillyengine\twosillyengine\utils\intpoint.h(281): warning C4244: “参数”: 从“double”转换到“ClipperLib::cInt”，可能丢失数据
     1>e:\task\twosillyengine\twosillyengine\utils\intpoint.h(288): warning C4244: “参数”: 从“int64_t”转换到“double”，可能丢失数据
     1>e:\task\twosillyengine\twosillyengine\utils\intpoint.h(289): warning C4244: “参数”: 从“int64_t”转换到“double”，可能丢失数据
     1>e:\task\twosillyengine\twosillyengine\utils\intpoint.h(289): warning C4244: “参数”: 从“double”转换到“ClipperLib::cInt”，可能丢失数据
         raft.cpp
     1>e:\task\twosillyengine\twosillyengine\src\../utils/intpoint.h(264): warning C4244: “参数”: 从“int64_t”转换到“double”，可能丢失数据
     1>e:\task\twosillyengine\twosillyengine\src\../utils/intpoint.h(265): warning C4244: “参数”: 从“int64_t”转换到“double”，可能丢失数据
     1>e:\task\twosillyengine\twosillyengine\src\../utils/intpoint.h(265): warning C4244: “参数”: 从“double”转换到“ClipperLib::cInt”，可能丢失数据
     1>e:\task\twosillyengine\twosillyengine\src\../utils/intpoint.h(273): warning C4244: “参数”: 从“int64_t”转换到“double”，可能丢失数据
     1>e:\task\twosillyengine\twosillyengine\src\../utils/intpoint.h(274): warning C4244: “参数”: 从“int64_t”转换到“double”，可能丢失数据
     1>e:\task\twosillyengine\twosillyengine\src\../utils/intpoint.h(274): warning C4244: “参数”: 从“double”转换到“ClipperLib::cInt”，可能丢失数据
     1>e:\task\twosillyengine\twosillyengine\src\../utils/intpoint.h(280): warning C4244: “参数”: 从“int64_t”转换到“double”，可能丢失数据
     1>e:\task\twosillyengine\twosillyengine\src\../utils/intpoint.h(281): warning C4244: “参数”: 从“int64_t”转换到“double”，可能丢失数据
     1>e:\task\twosillyengine\twosillyengine\src\../utils/intpoint.h(281): warning C4244: “参数”: 从“double”转换到“ClipperLib::cInt”，可能丢失数据
     1>e:\task\twosillyengine\twosillyengine\src\../utils/intpoint.h(288): warning C4244: “参数”: 从“int64_t”转换到“double”，可能丢失数据
     1>e:\task\twosillyengine\twosillyengine\src\../utils/intpoint.h(289): warning C4244: “参数”: 从“int64_t”转换到“double”，可能丢失数据
     1>e:\task\twosillyengine\twosillyengine\src\../utils/intpoint.h(289): warning C4244: “参数”: 从“double”转换到“ClipperLib::cInt”，可能丢失数据
         skirt.cpp
     1>e:\task\twosillyengine\twosillyengine\src\../utils/intpoint.h(264): warning C4244: “参数”: 从“int64_t”转换到“double”，可能丢失数据
     1>e:\task\twosillyengine\twosillyengine\src\../utils/intpoint.h(265): warning C4244: “参数”: 从“int64_t”转换到“double”，可能丢失数据
     1>e:\task\twosillyengine\twosillyengine\src\../utils/intpoint.h(265): warning C4244: “参数”: 从“double”转换到“ClipperLib::cInt”，可能丢失数据
     1>e:\task\twosillyengine\twosillyengine\src\../utils/intpoint.h(273): warning C4244: “参数”: 从“int64_t”转换到“double”，可能丢失数据
     1>e:\task\twosillyengine\twosillyengine\src\../utils/intpoint.h(274): warning C4244: “参数”: 从“int64_t”转换到“double”，可能丢失数据
     1>e:\task\twosillyengine\twosillyengine\src\../utils/intpoint.h(274): warning C4244: “参数”: 从“double”转换到“ClipperLib::cInt”，可能丢失数据
     1>e:\task\twosillyengine\twosillyengine\src\../utils/intpoint.h(280): warning C4244: “参数”: 从“int64_t”转换到“double”，可能丢失数据
     1>e:\task\twosillyengine\twosillyengine\src\../utils/intpoint.h(281): warning C4244: “参数”: 从“int64_t”转换到“double”，可能丢失数据
     1>e:\task\twosillyengine\twosillyengine\src\../utils/intpoint.h(281): warning C4244: “参数”: 从“double”转换到“ClipperLib::cInt”，可能丢失数据
     1>e:\task\twosillyengine\twosillyengine\src\../utils/intpoint.h(288): warning C4244: “参数”: 从“int64_t”转换到“double”，可能丢失数据
     1>e:\task\twosillyengine\twosillyengine\src\../utils/intpoint.h(289): warning C4244: “参数”: 从“int64_t”转换到“double”，可能丢失数据
     1>e:\task\twosillyengine\twosillyengine\src\../utils/intpoint.h(289): warning C4244: “参数”: 从“double”转换到“ClipperLib::cInt”，可能丢失数据
         slicer.cpp
     1>e:\task\twosillyengine\twosillyengine\modelfile\../utils/intpoint.h(264): warning C4244: “参数”: 从“int64_t”转换到“double”，可能丢失数据
     1>e:\task\twosillyengine\twosillyengine\modelfile\../utils/intpoint.h(265): warning C4244: “参数”: 从“int64_t”转换到“double”，可能丢失数据
     1>e:\task\twosillyengine\twosillyengine\modelfile\../utils/intpoint.h(265): warning C4244: “参数”: 从“double”转换到“ClipperLib::cInt”，可能丢失数据
     1>e:\task\twosillyengine\twosillyengine\modelfile\../utils/intpoint.h(273): warning C4244: “参数”: 从“int64_t”转换到“double”，可能丢失数据
     1>e:\task\twosillyengine\twosillyengine\modelfile\../utils/intpoint.h(274): warning C4244: “参数”: 从“int64_t”转换到“double”，可能丢失数据
     1>e:\task\twosillyengine\twosillyengine\modelfile\../utils/intpoint.h(274): warning C4244: “参数”: 从“double”转换到“ClipperLib::cInt”，可能丢失数据
     1>e:\task\twosillyengine\twosillyengine\modelfile\../utils/intpoint.h(280): warning C4244: “参数”: 从“int64_t”转换到“double”，可能丢失数据
     1>e:\task\twosillyengine\twosillyengine\modelfile\../utils/intpoint.h(281): warning C4244: “参数”: 从“int64_t”转换到“double”，可能丢失数据
     1>e:\task\twosillyengine\twosillyengine\modelfile\../utils/intpoint.h(281): warning C4244: “参数”: 从“double”转换到“ClipperLib::cInt”，可能丢失数据
     1>e:\task\twosillyengine\twosillyengine\modelfile\../utils/intpoint.h(288): warning C4244: “参数”: 从“int64_t”转换到“double”，可能丢失数据
     1>e:\task\twosillyengine\twosillyengine\modelfile\../utils/intpoint.h(289): warning C4244: “参数”: 从“int64_t”转换到“double”，可能丢失数据
     1>e:\task\twosillyengine\twosillyengine\modelfile\../utils/intpoint.h(289): warning C4244: “参数”: 从“double”转换到“ClipperLib::cInt”，可能丢失数据
     1>src\slicer.cpp(458): warning C4244: “初始化”: 从“double”转换到“float”，可能丢失数据
         support.cpp
     1>e:\task\twosillyengine\twosillyengine\src\../utils/intpoint.h(264): warning C4244: “参数”: 从“int64_t”转换到“double”，可能丢失数据
     1>e:\task\twosillyengine\twosillyengine\src\../utils/intpoint.h(265): warning C4244: “参数”: 从“int64_t”转换到“double”，可能丢失数据
     1>e:\task\twosillyengine\twosillyengine\src\../utils/intpoint.h(265): warning C4244: “参数”: 从“double”转换到“ClipperLib::cInt”，可能丢失数据
     1>e:\task\twosillyengine\twosillyengine\src\../utils/intpoint.h(273): warning C4244: “参数”: 从“int64_t”转换到“double”，可能丢失数据
     1>e:\task\twosillyengine\twosillyengine\src\../utils/intpoint.h(274): warning C4244: “参数”: 从“int64_t”转换到“double”，可能丢失数据
     1>e:\task\twosillyengine\twosillyengine\src\../utils/intpoint.h(274): warning C4244: “参数”: 从“double”转换到“ClipperLib::cInt”，可能丢失数据
     1>e:\task\twosillyengine\twosillyengine\src\../utils/intpoint.h(280): warning C4244: “参数”: 从“int64_t”转换到“double”，可能丢失数据
     1>e:\task\twosillyengine\twosillyengine\src\../utils/intpoint.h(281): warning C4244: “参数”: 从“int64_t”转换到“double”，可能丢失数据
     1>e:\task\twosillyengine\twosillyengine\src\../utils/intpoint.h(281): warning C4244: “参数”: 从“double”转换到“ClipperLib::cInt”，可能丢失数据
     1>e:\task\twosillyengine\twosillyengine\src\../utils/intpoint.h(288): warning C4244: “参数”: 从“int64_t”转换到“double”，可能丢失数据
     1>e:\task\twosillyengine\twosillyengine\src\../utils/intpoint.h(289): warning C4244: “参数”: 从“int64_t”转换到“double”，可能丢失数据
     1>e:\task\twosillyengine\twosillyengine\src\../utils/intpoint.h(289): warning C4244: “参数”: 从“double”转换到“ClipperLib::cInt”，可能丢失数据
     1>src\support.cpp(127): warning C4244: “=”: 从“ClipperLib::cInt”转换到“int32_t”，可能丢失数据
     1>src\support.cpp(128): warning C4244: “=”: 从“ClipperLib::cInt”转换到“int32_t”，可能丢失数据
     1>src\support.cpp(129): warning C4244: “=”: 从“ClipperLib::cInt”转换到“int32_t”，可能丢失数据
     1>src\support.cpp(130): warning C4244: “=”: 从“ClipperLib::cInt”转换到“int32_t”，可能丢失数据
     1>src\support.cpp(131): warning C4244: “=”: 从“ClipperLib::cInt”转换到“int32_t”，可能丢失数据
     1>src\support.cpp(132): warning C4244: “=”: 从“ClipperLib::cInt”转换到“int32_t”，可能丢失数据
     1>src\support.cpp(154): warning C4244: “参数”: 从“int64_t”转换到“int32_t”，可能丢失数据
     1>src\support.cpp(165): warning C4244: “参数”: 从“int64_t”转换到“int32_t”，可能丢失数据
     1>src\support.cpp(204): warning C4244: “初始化”: 从“ClipperLib::cInt”转换到“unsigned int”，可能丢失数据
         timeEstimate.cpp
     1>e:\task\twosillyengine\twosillyengine\utils\intpoint.h(264): warning C4244: “参数”: 从“int64_t”转换到“double”，可能丢失数据
     1>e:\task\twosillyengine\twosillyengine\utils\intpoint.h(265): warning C4244: “参数”: 从“int64_t”转换到“double”，可能丢失数据
     1>e:\task\twosillyengine\twosillyengine\utils\intpoint.h(265): warning C4244: “参数”: 从“double”转换到“ClipperLib::cInt”，可能丢失数据
     1>e:\task\twosillyengine\twosillyengine\utils\intpoint.h(273): warning C4244: “参数”: 从“int64_t”转换到“double”，可能丢失数据
     1>e:\task\twosillyengine\twosillyengine\utils\intpoint.h(274): warning C4244: “参数”: 从“int64_t”转换到“double”，可能丢失数据
     1>e:\task\twosillyengine\twosillyengine\utils\intpoint.h(274): warning C4244: “参数”: 从“double”转换到“ClipperLib::cInt”，可能丢失数据
     1>e:\task\twosillyengine\twosillyengine\utils\intpoint.h(280): warning C4244: “参数”: 从“int64_t”转换到“double”，可能丢失数据
     1>e:\task\twosillyengine\twosillyengine\utils\intpoint.h(281): warning C4244: “参数”: 从“int64_t”转换到“double”，可能丢失数据
     1>e:\task\twosillyengine\twosillyengine\utils\intpoint.h(281): warning C4244: “参数”: 从“double”转换到“ClipperLib::cInt”，可能丢失数据
     1>e:\task\twosillyengine\twosillyengine\utils\intpoint.h(288): warning C4244: “参数”: 从“int64_t”转换到“double”，可能丢失数据
     1>e:\task\twosillyengine\twosillyengine\utils\intpoint.h(289): warning C4244: “参数”: 从“int64_t”转换到“double”，可能丢失数据
     1>e:\task\twosillyengine\twosillyengine\utils\intpoint.h(289): warning C4244: “参数”: 从“double”转换到“ClipperLib::cInt”，可能丢失数据
         logoutput.cpp
         socket.cpp
         Config.cpp
     1>e:\task\twosillyengine\twosillyengine\utils\intpoint.h(264): warning C4244: “参数”: 从“int64_t”转换到“double”，可能丢失数据
     1>e:\task\twosillyengine\twosillyengine\utils\intpoint.h(265): warning C4244: “参数”: 从“int64_t”转换到“double”，可能丢失数据
     1>e:\task\twosillyengine\twosillyengine\utils\intpoint.h(265): warning C4244: “参数”: 从“double”转换到“ClipperLib::cInt”，可能丢失数据
     1>e:\task\twosillyengine\twosillyengine\utils\intpoint.h(273): warning C4244: “参数”: 从“int64_t”转换到“double”，可能丢失数据
     1>e:\task\twosillyengine\twosillyengine\utils\intpoint.h(274): warning C4244: “参数”: 从“int64_t”转换到“double”，可能丢失数据
     1>e:\task\twosillyengine\twosillyengine\utils\intpoint.h(274): warning C4244: “参数”: 从“double”转换到“ClipperLib::cInt”，可能丢失数据
     1>e:\task\twosillyengine\twosillyengine\utils\intpoint.h(280): warning C4244: “参数”: 从“int64_t”转换到“double”，可能丢失数据
     1>e:\task\twosillyengine\twosillyengine\utils\intpoint.h(281): warning C4244: “参数”: 从“int64_t”转换到“double”，可能丢失数据
     1>e:\task\twosillyengine\twosillyengine\utils\intpoint.h(281): warning C4244: “参数”: 从“double”转换到“ClipperLib::cInt”，可能丢失数据
     1>e:\task\twosillyengine\twosillyengine\utils\intpoint.h(288): warning C4244: “参数”: 从“int64_t”转换到“double”，可能丢失数据
     1>e:\task\twosillyengine\twosillyengine\utils\intpoint.h(289): warning C4244: “参数”: 从“int64_t”转换到“double”，可能丢失数据
     1>e:\task\twosillyengine\twosillyengine\utils\intpoint.h(289): warning C4244: “参数”: 从“double”转换到“ClipperLib::cInt”，可能丢失数据
     1>utils\Config.cpp(221): warning C4244: “=”: 从“double”转换到“int”，可能丢失数据
     1>utils\Config.cpp(222): warning C4244: “=”: 从“double”转换到“int”，可能丢失数据
     1>utils\Config.cpp(223): warning C4244: “=”: 从“double”转换到“int”，可能丢失数据
       Link:
         C:\Program Files (x86)\Microsoft Visual Studio 11.0\VC\bin\link.exe /ERRORREPORT:PROMPT /OUT:"E:\task\TwoSillyEngine\Release\TwoSillyEngine.exe" /INCREMENTAL:NO /NOLOGO kernel32.lib user32.lib gdi32.lib winspool.lib comdlg32.lib advapi32.lib shell32.lib ole32.lib oleaut32.lib uuid.lib odbc32.lib odbccp32.lib /MANIFEST /MANIFESTUAC:"level='asInvoker' uiAccess='false'" /manifest:embed /DEBUG /PDB:"E:\task\TwoSillyEngine\Release\TwoSillyEngine.pdb" /SUBSYSTEM:CONSOLE,"5.01" /OPT:REF /OPT:ICF /LTCG /TLBID:1 /DYNAMICBASE /NXCOMPAT /IMPLIB:"E:\task\TwoSillyEngine\Release\TwoSillyEngine.lib" /MACHINE:X86 /SAFESEH Release\clipper.obj
         Release\modelFile.obj
         Release\Beegive.obj
         Release\bridge.obj
         Release\comb.obj
         Release\Engine.obj
         Release\Processor.obj
         Release\gcodeExport.obj
         Release\infill.obj
         Release\inset.obj
         Release\layerPart.obj
         Release\optimizedModel.obj
         Release\pathOrderOptimizer.obj
         Release\polygonOptimizer.obj
         Release\raft.obj
         Release\skin.obj
         Release\skirt.obj
         Release\slicer.obj
         Release\support.obj
         Release\timeEstimate.obj
         Release\function.obj
         Release\gettime.obj
         Release\logoutput.obj
         Release\socket.obj
         Release\Config.obj
         Release\PointMatrix.obj
         Release\polygon.obj
         正在生成代码
     1>e:\task\twosillyengine\twosillyengine\src\beegive.cpp(468): warning C4715: “Engine::CreateBeegiveLineList”: 不是所有的控件路径都返回值
         已完成代码的生成
         TwoSillyEngine.vcxproj -> E:\task\TwoSillyEngine\Release\TwoSillyEngine.exe
     1>已完成生成项目“E:\task\TwoSillyEngine\TwoSillyEngine\TwoSillyEngine.vcxproj”(Build 个目标)的操作。

生成成功。

已用时间 00:00:12.91
